2025-10-13 00:18:12.905 -05:00 [INF] Station feedback file watcher initialized
2025-10-13 00:18:18.551 -05:00 [ERR] Error loading favorites
System.Text.Json.JsonException: The input does not contain any JSON tokens. Expected the input to start with a valid JSON token, when isFinalBlock is true. Path: $ | LineNumber: 0 | BytePositionInLine: 0.
 ---> System.Text.Json.JsonReaderException: The input does not contain any JSON tokens. Expected the input to start with a valid JSON token, when isFinalBlock is true. LineNumber: 0 | BytePositionInLine: 0.
   at System.Text.Json.ThrowHelper.ThrowJsonReaderException(Utf8JsonReader& json, ExceptionResource resource, Byte nextByte, ReadOnlySpan`1 bytes)
   at System.Text.Json.Utf8JsonReader.Read()
   at System.Text.Json.Serialization.JsonConverter`1.ReadCore(Utf8JsonReader& reader, T& value, JsonSerializerOptions options, ReadStack& state)
   --- End of inner exception stack trace ---
   at System.Text.Json.ThrowHelper.ReThrowWithPath(ReadStack& state, JsonReaderException ex)
   at System.Text.Json.Serialization.JsonConverter`1.ReadCore(Utf8JsonReader& reader, T& value, JsonSerializerOptions options, ReadStack& state)
   at System.Text.Json.Serialization.Metadata.JsonTypeInfo`1.Deserialize(Utf8JsonReader& reader, ReadStack& state)
   at System.Text.Json.JsonSerializer.ReadFromSpan[TValue](ReadOnlySpan`1 utf8Json, JsonTypeInfo`1 jsonTypeInfo, Nullable`1 actualByteCount)
   at System.Text.Json.JsonSerializer.ReadFromSpan[TValue](ReadOnlySpan`1 json, JsonTypeInfo`1 jsonTypeInfo)
   at System.Text.Json.JsonSerializer.Deserialize[TValue](String json, JsonSerializerOptions options)
   at SRXMDL.Artist.ArtistStations.LoadFavorites() in C:\Users\Cistian Zano\Desktop\Projects\Dotnet\SRXMDL\Artist\ArtistStations.cs:line 57
2025-10-13 00:18:35.444 -05:00 [DBG] Could not find album art element
OpenQA.Selenium.WebDriverTimeoutException: Timed out after 5 seconds
 ---> OpenQA.Selenium.NoSuchElementException: no such element: Unable to locate element: {"method":"css selector","selector":"div.styles-module__imageContainer___b-ipU img"}
  (Session info: chrome=141.0.7390.66); For documentation on this error, please visit: https://www.selenium.dev/documentation/webdriver/troubleshooting/errors#no-such-element-exception
   at OpenQA.Selenium.WebDriver.UnpackAndThrowOnError(Response errorResponse, String commandToExecute)
   at OpenQA.Selenium.WebDriver.Execute(String driverCommandToExecute, Dictionary`2 parameters)
   at OpenQA.Selenium.WebDriver.FindElement(String mechanism, String value)
   at OpenQA.Selenium.By.<.ctor>b__11_0(ISearchContext context)
   at OpenQA.Selenium.By.FindElement(ISearchContext context)
   at OpenQA.Selenium.WebDriver.FindElement(By by)
   at SRXMDL.MainWindow.<>c.<UpdateNowPlaying>b__23_3(IWebDriver d) in C:\Users\Cistian Zano\Desktop\Projects\Dotnet\SRXMDL\MainWindow.xaml.cs:line 171
   at OpenQA.Selenium.Support.UI.DefaultWait`1.Until[TResult](Func`2 condition, CancellationToken token)
   --- End of inner exception stack trace ---
   at OpenQA.Selenium.Support.UI.DefaultWait`1.ThrowTimeoutException(String exceptionMessage, Exception lastException)
   at OpenQA.Selenium.Support.UI.DefaultWait`1.Until[TResult](Func`2 condition, CancellationToken token)
   at OpenQA.Selenium.Support.UI.DefaultWait`1.Until[TResult](Func`2 condition)
   at SRXMDL.MainWindow.UpdateNowPlaying() in C:\Users\Cistian Zano\Desktop\Projects\Dotnet\SRXMDL\MainWindow.xaml.cs:line 171
2025-10-13 00:18:35.458 -05:00 [INF] Browser is now open. User can login manually and monitoring will begin automatically.
2025-10-13 00:18:35.462 -05:00 [DBG] Updated track name to: No track playing
2025-10-13 00:18:35.475 -05:00 [DBG] Updated station name to: No station selected
2025-10-13 00:18:36.203 -05:00 [INF] Conviva WSG request detected: https://05efe2edfc6098a8dc4a449c8698ed640b837b5f.ipv4.cws.conviva.com/0/wsg
2025-10-13 00:18:36.240 -05:00 [INF] Conviva WSG request detected: https://05efe2edfc6098a8dc4a449c8698ed640b837b5f.ipv6.cws.conviva.com/0/wsg
2025-10-13 00:18:36.276 -05:00 [INF] Conviva WSG request detected: https://05efe2edfc6098a8dc4a449c8698ed640b837b5f.ipv4.cws.conviva.com/0/wsg
2025-10-13 00:18:36.309 -05:00 [DBG] Skipping WSG payload - does not contain required fwv value
2025-10-13 00:18:36.313 -05:00 [INF] Conviva WSG request detected: https://05efe2edfc6098a8dc4a449c8698ed640b837b5f.ipv6.cws.conviva.com/0/wsg
2025-10-13 00:18:36.354 -05:00 [DBG] Skipping WSG payload - does not contain required fwv value
2025-10-13 00:18:44.354 -05:00 [DBG] Found album art URL: 
2025-10-13 00:18:44.354 -05:00 [DBG] Updated station name to: Homixide Gang Station
2025-10-13 00:18:44.695 -05:00 [INF] TuneSource request detected: https://api.edge-gateway.siriusxm.com/playback/play/v1/tuneSource
2025-10-13 00:18:44.755 -05:00 [INF] TuneSource request detected: https://api.edge-gateway.siriusxm.com/playback/play/v1/tuneSource
2025-10-13 00:18:44.834 -05:00 [INF] Auth token saved to Stations/tunesource.txt
2025-10-13 00:18:45.451 -05:00 [INF] Response saved to Stations/Playlist.json
2025-10-13 00:18:45.779 -05:00 [INF] Station feedback request detected: https://api.edge-gateway.siriusxm.com/stations/v1/station-feedback/station/type/artist-station/id/0f3c4951-9c23-3180-9c9c-7dd9f6b68f53?itemEntityIds=db7c1b9b-215f-314d-9aca-9d1cf89efda9,4293cba7-2a76-3c1e-8d8e-b29a12e5266d,1967afb4-1285-326d-808b-c36b09d53b3d&entitlementHash=be493183f3a9abb38ea84c123e111284-5d6fc73d-58e5-4ee4-b88c-65935c24d68d
2025-10-13 00:18:45.822 -05:00 [INF] Station feedback request detected: https://api.edge-gateway.siriusxm.com/stations/v1/station-feedback/station/type/artist-station/id/0f3c4951-9c23-3180-9c9c-7dd9f6b68f53?itemEntityIds=db7c1b9b-215f-314d-9aca-9d1cf89efda9,4293cba7-2a76-3c1e-8d8e-b29a12e5266d,1967afb4-1285-326d-808b-c36b09d53b3d&entitlementHash=be493183f3a9abb38ea84c123e111284-5d6fc73d-58e5-4ee4-b88c-65935c24d68d
2025-10-13 00:18:45.879 -05:00 [INF] Auth token saved to Artist/ArtistAuth.txt
2025-10-13 00:18:45.881 -05:00 [INF] Conviva WSG request detected: https://05efe2edfc6098a8dc4a449c8698ed640b837b5f.cws.conviva.com/0/wsg
2025-10-13 00:18:45.932 -05:00 [DBG] Skipping duplicate MP4 file: https://feed-ftc-prod-device.streaming.siriusxm.com/v1/763a312c70733a322c70653a352c616c673a312c73657373696f6e69643a38363065386131312d353135322d346130382d383663622d3735613635613163393666362c70726f66696c6569643a31653363353233382d306633612d346638302d393661372d3731333762666632383564612c646576696365706c6174666f726d3a7765622d6465736b746f702c6964656e7469747949643a37353766356162342d336665362d343637312d383739322d663033623062613031303636_1760336323_1a1e5b207b3242d6494261e0ca522f9656f866cb/pri-1/audio/35870/GDCA-107335870_64000.mp4
2025-10-13 00:18:45.933 -05:00 [DBG] Skipping duplicate MP4 file: https://feed-akc-prod-device.streaming.siriusxm.com/v1/763a312c70733a322c70653a352c616c673a312c73657373696f6e69643a38363065386131312d353135322d346130382d383663622d3735613635613163393666362c70726f66696c6569643a31653363353233382d306633612d346638302d393661372d3731333762666632383564612c646576696365706c6174666f726d3a7765622d6465736b746f702c6964656e7469747949643a37353766356162342d336665362d343637312d383739322d663033623062613031303636_1760336323_15b428be1282f58f85a5d94498e011b058fe3577/pri-1/audio/92085/GDCA-108492085_64000.mp4
2025-10-13 00:18:46.462 -05:00 [DBG] Found album art URL: https://imgsrv-sxm-prod-device.streaming.siriusxm.com/eyJrZXkiOiJnYWxheHktdHJhY2tzL2ltYWdlcy9HRENBLTEwODQ5MjA4NS9HRENBLTEwODQ5MjA4NV9ISmphb2tnMjNXTVJlRUg3bURJTFlKU2x6cDZjUWxlOFlrRGJ1YzY2UGVvLmpwZyIsImVkaXRzIjpbeyJmb3JtYXQiOnsidHlwZSI6ImpwZWcifX0seyJyZXNpemUiOnsid2lkdGgiOjMwMCwiaGVpZ2h0IjozMDB9fV19
2025-10-13 00:18:46.464 -05:00 [DBG] Updated track name to: Homixide Gang - Lifestyle
2025-10-13 00:18:46.471 -05:00 [DBG] Updated album art image
2025-10-13 00:18:47.023 -05:00 [INF] Conviva WSG request detected: https://05efe2edfc6098a8dc4a449c8698ed640b837b5f.cws.conviva.com/0/wsg
2025-10-13 00:18:47.028 -05:00 [DBG] Skipping duplicate MP4 file: https://feed-ftc-prod-device.streaming.siriusxm.com/v1/763a312c70733a322c70653a352c616c673a312c73657373696f6e69643a38363065386131312d353135322d346130382d383663622d3735613635613163393666362c70726f66696c6569643a31653363353233382d306633612d346638302d393661372d3731333762666632383564612c646576696365706c6174666f726d3a7765622d6465736b746f702c6964656e7469747949643a37353766356162342d336665362d343637312d383739322d663033623062613031303636_1760336323_1a1e5b207b3242d6494261e0ca522f9656f866cb/pri-1/audio/35870/GDCA-107335870_64000.mp4
2025-10-13 00:18:57.598 -05:00 [INF] Clicked forward button
2025-10-13 00:18:58.663 -05:00 [DBG] Skipping duplicate MP4 file: https://feed-ftc-prod-device.streaming.siriusxm.com/v1/763a312c70733a322c70653a352c616c673a312c73657373696f6e69643a38363065386131312d353135322d346130382d383663622d3735613635613163393666362c70726f66696c6569643a31653363353233382d306633612d346638302d393661372d3731333762666632383564612c646576696365706c6174666f726d3a7765622d6465736b746f702c6964656e7469747949643a37353766356162342d336665362d343637312d383739322d663033623062613031303636_1760336323_b6ef58cbca7448cd25cbfb4ca66e2bcdfa5a8ce0/pri-1/audio/10122/GDCA-111910122_64000.mp4
2025-10-13 00:18:59.149 -05:00 [DBG] Found album art URL: https://imgsrv-sxm-prod-device.streaming.siriusxm.com/eyJrZXkiOiJhZW0vODcvODcwNWIyMjBlZDc2ZDJlY2U1N2I3ZDhjMTI1NjYyM2NfMTcyMTc0NTc0OC5wbmciLCJlZGl0cyI6W3siZm9ybWF0Ijp7InR5cGUiOiJqcGVnIn19LHsicmVzaXplIjp7IndpZHRoIjozMDAsImhlaWdodCI6MzAwfX1dfQ==
2025-10-13 00:18:59.149 -05:00 [DBG] Updated track name to: Yeat - Got rich
2025-10-13 00:18:59.153 -05:00 [DBG] Updated album art image
2025-10-13 00:19:01.921 -05:00 [INF] Clicked forward button
2025-10-13 00:19:02.450 -05:00 [INF] Peek request detected: https://api.edge-gateway.siriusxm.com/playback/play/v1/peek
2025-10-13 00:19:02.451 -05:00 [INF] Peek request detected: https://api.edge-gateway.siriusxm.com/playback/play/v1/peek
2025-10-13 00:19:02.453 -05:00 [INF] Auth token saved to Stations/peek.txt
2025-10-13 00:19:02.455 -05:00 [INF] Peek payload saved to Stations/peek_payload.json
2025-10-13 00:19:02.870 -05:00 [INF] Peek response saved to Stations/peek_response.json
2025-10-13 00:19:03.402 -05:00 [DBG] Found album art URL: https://imgsrv-sxm-prod-device.streaming.siriusxm.com/eyJrZXkiOiJhZW0vODcvODcwNWIyMjBlZDc2ZDJlY2U1N2I3ZDhjMTI1NjYyM2NfMTcyMTc0NTc0OC5wbmciLCJlZGl0cyI6W3siZm9ybWF0Ijp7InR5cGUiOiJqcGVnIn19LHsicmVzaXplIjp7IndpZHRoIjozMDAsImhlaWdodCI6MzAwfX1dfQ==
2025-10-13 00:19:03.403 -05:00 [DBG] Updated track name to: OsamaSon - X & Sex
2025-10-13 00:19:04.039 -05:00 [INF] Station feedback request detected: https://api.edge-gateway.siriusxm.com/stations/v1/station-feedback/station/type/artist-station/id/0f3c4951-9c23-3180-9c9c-7dd9f6b68f53?itemEntityIds=037cb18b-e0d6-3ddf-98d1-70b522bb1e97&entitlementHash=be493183f3a9abb38ea84c123e111284-5d6fc73d-58e5-4ee4-b88c-65935c24d68d
2025-10-13 00:19:04.039 -05:00 [INF] Station feedback request detected: https://api.edge-gateway.siriusxm.com/stations/v1/station-feedback/station/type/artist-station/id/0f3c4951-9c23-3180-9c9c-7dd9f6b68f53?itemEntityIds=037cb18b-e0d6-3ddf-98d1-70b522bb1e97&entitlementHash=be493183f3a9abb38ea84c123e111284-5d6fc73d-58e5-4ee4-b88c-65935c24d68d
2025-10-13 00:19:04.040 -05:00 [INF] Unnamed MP4 traffic detected: https://feed-akc-prod-device.streaming.siriusxm.com/v1/763a312c70733a322c70653a352c616c673a312c73657373696f6e69643a38363065386131312d353135322d346130382d383663622d3735613635613163393666362c70726f66696c6569643a31653363353233382d306633612d346638302d393661372d3731333762666632383564612c646576696365706c6174666f726d3a7765622d6465736b746f702c6964656e7469747949643a37353766356162342d336665362d343637312d383739322d663033623062613031303636_1760336342_684ceb14abfec9c0c5d471ee583e1177eaca3822/pri-1/audio/29346/GDCA-110429346_64000.mp4
2025-10-13 00:19:09.191 -05:00 [ERR] Error toggling playback state
OpenQA.Selenium.WebDriverTimeoutException: Timed out after 5 seconds
 ---> OpenQA.Selenium.NoSuchElementException: no such element: Unable to locate element: {"method":"css selector","selector":"button[aria-label='Play']"}
  (Session info: chrome=141.0.7390.66); For documentation on this error, please visit: https://www.selenium.dev/documentation/webdriver/troubleshooting/errors#no-such-element-exception
   at OpenQA.Selenium.WebDriver.UnpackAndThrowOnError(Response errorResponse, String commandToExecute)
   at OpenQA.Selenium.WebDriver.Execute(String driverCommandToExecute, Dictionary`2 parameters)
   at OpenQA.Selenium.WebDriver.FindElement(By by)
   at SRXMDL.MainWindow.<>c.<PauseButton_Click>b__41_1(IWebDriver d) in C:\Users\Cistian Zano\Desktop\Projects\Dotnet\SRXMDL\MainWindow.xaml.cs:line 1417
   at OpenQA.Selenium.Support.UI.DefaultWait`1.Until[TResult](Func`2 condition, CancellationToken token)
   --- End of inner exception stack trace ---
   at OpenQA.Selenium.Support.UI.DefaultWait`1.ThrowTimeoutException(String exceptionMessage, Exception lastException)
   at OpenQA.Selenium.Support.UI.DefaultWait`1.Until[TResult](Func`2 condition, CancellationToken token)
   at OpenQA.Selenium.Support.UI.DefaultWait`1.Until[TResult](Func`2 condition)
   at SRXMDL.MainWindow.PauseButton_Click(Object sender, RoutedEventArgs e) in C:\Users\Cistian Zano\Desktop\Projects\Dotnet\SRXMDL\MainWindow.xaml.cs:line 1417
2025-10-13 00:19:18.562 -05:00 [INF] Stream activity cleared
2025-10-13 00:19:21.343 -05:00 [INF] Deleted file: Stations\peek.txt
2025-10-13 00:19:21.344 -05:00 [INF] Deleted file: Stations\peek_payload.json
2025-10-13 00:19:21.344 -05:00 [INF] Deleted file: Stations\peek_response.json
2025-10-13 00:19:21.345 -05:00 [INF] Deleted file: Stations\Playlist.json
2025-10-13 00:19:21.347 -05:00 [INF] Deleted file: Stations\tunesource.txt
